e:\bachelor of games and virtual worlds\aiebootstrap\temp\bootstrap\debug\bootstrap.pdb
e:\bachelor of games and virtual worlds\aiebootstrap\temp\bootstrap\debug\bootstrap.idb
e:\bachelor of games and virtual worlds\aiebootstrap\temp\bootstrap\debug\imgui.obj
e:\bachelor of games and virtual worlds\aiebootstrap\temp\bootstrap\debug\imgui_draw.obj
e:\bachelor of games and virtual worlds\aiebootstrap\temp\bootstrap\debug\application.obj
e:\bachelor of games and virtual worlds\aiebootstrap\temp\bootstrap\debug\audio.obj
e:\bachelor of games and virtual worlds\aiebootstrap\temp\bootstrap\debug\font.obj
e:\bachelor of games and virtual worlds\aiebootstrap\temp\bootstrap\debug\gizmos.obj
e:\bachelor of games and virtual worlds\aiebootstrap\temp\bootstrap\debug\imgui_glfw3.obj
e:\bachelor of games and virtual worlds\aiebootstrap\temp\bootstrap\debug\input.obj
e:\bachelor of games and virtual worlds\aiebootstrap\temp\bootstrap\debug\renderer2d.obj
e:\bachelor of games and virtual worlds\aiebootstrap\temp\bootstrap\debug\soundmanager.obj
e:\bachelor of games and virtual worlds\aiebootstrap\temp\bootstrap\debug\texture.obj
e:\bachelor of games and virtual worlds\aiebootstrap\temp\bootstrap\debug\gl_core_4_4.obj
e:\bachelor of games and virtual worlds\aiebootstrap\temp\bootstrap\debug\bootstrap.lib
e:\bachelor of games and virtual worlds\aiebootstrap\temp\bootstrap\debug\bootstrap.tlog\cl.command.1.tlog
e:\bachelor of games and virtual worlds\aiebootstrap\temp\bootstrap\debug\bootstrap.tlog\cl.read.1.tlog
e:\bachelor of games and virtual worlds\aiebootstrap\temp\bootstrap\debug\bootstrap.tlog\cl.write.1.tlog
e:\bachelor of games and virtual worlds\aiebootstrap\temp\bootstrap\debug\bootstrap.tlog\lib-link.read.1.tlog
e:\bachelor of games and virtual worlds\aiebootstrap\temp\bootstrap\debug\bootstrap.tlog\lib-link.write.1.tlog
e:\bachelor of games and virtual worlds\aiebootstrap\temp\bootstrap\debug\bootstrap.tlog\lib.command.1.tlog
